102.04.25 11:08 B D:\out\pub\php\Aktiviteter\Aktiviteter.js --> www.ipso.cc /project/out/pub/Aktiviteter Aktiviteter.js
102.04.25 11:08 B D:\out\pub\php\Aktiviteter\Aktiviteter.php --> www.ipso.cc /project/out/pub/Aktiviteter Aktiviteter.php
102.04.25 11:08 B D:\out\pub\php\Aktiviteter\Aktiviteter24h.php --> www.ipso.cc /project/out/pub/Aktiviteter Aktiviteter24h.php
102.04.25 11:08 B D:\out\pub\php\Aktiviteter\AktiviteterKlttring.php --> www.ipso.cc /project/out/pub/Aktiviteter AktiviteterKlttring.php
102.04.25 11:08 B D:\out\pub\php\Aktiviteter\AktiviteterOutdoor.php --> www.ipso.cc /project/out/pub/Aktiviteter AktiviteterOutdoor.php
102.04.25 11:08 B D:\out\pub\php\Aktiviteter\AktiviteterSeglingHelhetsupplevelsen.php --> www.ipso.cc /project/out/pub/Aktiviteter AktiviteterSeglingHelhetsupplevelsen.php
102.04.25 11:08 B D:\out\pub\php\Aktiviteter\AktiviteterSeglingMatchracing.php --> www.ipso.cc /project/out/pub/Aktiviteter AktiviteterSeglingMatchracing.php
102.04.25 11:08 B D:\out\pub\php\Aktiviteter\AktiviteterSeglingSkrgrdssegling.php --> www.ipso.cc /project/out/pub/Aktiviteter AktiviteterSeglingSkrgrdssegling.php
102.04.25 11:08 B D:\out\pub\php\Aktiviteter\AktiviteterUtbildning.php --> www.ipso.cc /project/out/pub/Aktiviteter AktiviteterUtbildning.php
102.04.25 11:08 B D:\out\pub\php\Aktiviteter\AktiviteterVinterarrangemang.php --> www.ipso.cc /project/out/pub/Aktiviteter AktiviteterVinterarrangemang.php
102.04.25 11:08 B D:\out\pub\php\Aktiviteter\AktiviteterVinterarrangemangVinterivemdalen.php --> www.ipso.cc /project/out/pub/Aktiviteter AktiviteterVinterarrangemangVinterivemdalen.php
102.04.25 11:08 B D:\out\pub\php\Aktiviteter\AktiviteterVinterarrangemangVinterseglingar.php --> www.ipso.cc /project/out/pub/Aktiviteter AktiviteterVinterarrangemangVinterseglingar.php
102.04.25 11:18 B D:\out\pub\php\Aktiviteter\Aktiviteter.js --> www.ipso.cc /project/out/pub/Aktiviteter Aktiviteter.js
102.04.25 11:18 B D:\out\pub\php\Aktiviteter\Aktiviteter.php --> www.ipso.cc /project/out/pub/Aktiviteter Aktiviteter.php
102.04.25 11:18 B D:\out\pub\php\Aktiviteter\Aktiviteter24h.php --> www.ipso.cc /project/out/pub/Aktiviteter Aktiviteter24h.php
102.04.25 11:18 B D:\out\pub\php\Aktiviteter\AktiviteterKlttring.php --> www.ipso.cc /project/out/pub/Aktiviteter AktiviteterKlttring.php
102.04.25 11:18 B D:\out\pub\php\Aktiviteter\AktiviteterOutdoor.php --> www.ipso.cc /project/out/pub/Aktiviteter AktiviteterOutdoor.php
102.04.25 11:18 B D:\out\pub\php\Aktiviteter\AktiviteterSeglingHelhetsupplevelsen.php --> www.ipso.cc /project/out/pub/Aktiviteter AktiviteterSeglingHelhetsupplevelsen.php
102.04.25 11:18 B D:\out\pub\php\Aktiviteter\AktiviteterSeglingMatchracing.php --> www.ipso.cc /project/out/pub/Aktiviteter AktiviteterSeglingMatchracing.php
102.04.25 11:18 B D:\out\pub\php\Aktiviteter\AktiviteterSeglingSkrgrdssegling.php --> www.ipso.cc /project/out/pub/Aktiviteter AktiviteterSeglingSkrgrdssegling.php
102.04.25 11:19 B D:\out\pub\php\Aktiviteter\AktiviteterUtbildning.php --> www.ipso.cc /project/out/pub/Aktiviteter AktiviteterUtbildning.php
102.04.25 11:19 B D:\out\pub\php\Aktiviteter\AktiviteterVinterarrangemang.php --> www.ipso.cc /project/out/pub/Aktiviteter AktiviteterVinterarrangemang.php
102.04.25 11:19 B D:\out\pub\php\Aktiviteter\AktiviteterVinterarrangemangVinterivemdalen.php --> www.ipso.cc /project/out/pub/Aktiviteter AktiviteterVinterarrangemangVinterivemdalen.php
102.04.25 11:19 B D:\out\pub\php\Aktiviteter\AktiviteterVinterarrangemangVinterseglingar.php --> www.ipso.cc /project/out/pub/Aktiviteter AktiviteterVinterarrangemangVinterseglingar.php
102.04.25 11:19 B D:\out\pub\php\Aktiviteter\WS_FTP.LOG --> www.ipso.cc /project/out/pub/Aktiviteter WS_FTP.LOG
102.04.25 11:26 B D:\out\pub\php\Aktiviteter\Aktiviteter.js --> www.ipso.cc /project/out/pub/Aktiviteter Aktiviteter.js
102.04.25 11:26 B D:\out\pub\php\Aktiviteter\Aktiviteter.php --> www.ipso.cc /project/out/pub/Aktiviteter Aktiviteter.php
102.04.25 11:26 B D:\out\pub\php\Aktiviteter\Aktiviteter24h.php --> www.ipso.cc /project/out/pub/Aktiviteter Aktiviteter24h.php
102.04.25 11:26 B D:\out\pub\php\Aktiviteter\AktiviteterKlttring.php --> www.ipso.cc /project/out/pub/Aktiviteter AktiviteterKlttring.php
102.04.25 11:26 B D:\out\pub\php\Aktiviteter\AktiviteterOutdoor.php --> www.ipso.cc /project/out/pub/Aktiviteter AktiviteterOutdoor.php
102.04.25 11:26 B D:\out\pub\php\Aktiviteter\AktiviteterSeglingHelhetsupplevelsen.php --> www.ipso.cc /project/out/pub/Aktiviteter AktiviteterSeglingHelhetsupplevelsen.php
102.04.25 11:26 B D:\out\pub\php\Aktiviteter\AktiviteterSeglingMatchracing.php --> www.ipso.cc /project/out/pub/Aktiviteter AktiviteterSeglingMatchracing.php
102.04.25 11:26 B D:\out\pub\php\Aktiviteter\AktiviteterSeglingSkrgrdssegling.php --> www.ipso.cc /project/out/pub/Aktiviteter AktiviteterSeglingSkrgrdssegling.php
102.04.25 11:26 B D:\out\pub\php\Aktiviteter\AktiviteterUtbildning.php --> www.ipso.cc /project/out/pub/Aktiviteter AktiviteterUtbildning.php
102.04.25 11:26 B D:\out\pub\php\Aktiviteter\AktiviteterVinterarrangemang.php --> www.ipso.cc /project/out/pub/Aktiviteter AktiviteterVinterarrangemang.php
102.04.25 11:26 B D:\out\pub\php\Aktiviteter\AktiviteterVinterarrangemangVinterivemdalen.php --> www.ipso.cc /project/out/pub/Aktiviteter AktiviteterVinterarrangemangVinterivemdalen.php
102.04.25 11:26 B D:\out\pub\php\Aktiviteter\AktiviteterVinterarrangemangVinterseglingar.php --> www.ipso.cc /project/out/pub/Aktiviteter AktiviteterVinterarrangemangVinterseglingar.php
102.04.25 11:26 B D:\out\pub\php\Aktiviteter\WS_FTP.LOG --> www.ipso.cc /project/out/pub/Aktiviteter WS_FTP.LOG
102.04.25 11:31 B D:\out\pub\php\Aktiviteter\Aktiviteter.js --> www.ipso.cc /project/out/pub/Aktiviteter Aktiviteter.js
102.04.25 11:31 B D:\out\pub\php\Aktiviteter\Aktiviteter.php --> www.ipso.cc /project/out/pub/Aktiviteter Aktiviteter.php
102.04.25 11:31 B D:\out\pub\php\Aktiviteter\Aktiviteter24h.php --> www.ipso.cc /project/out/pub/Aktiviteter Aktiviteter24h.php
102.04.25 11:31 B D:\out\pub\php\Aktiviteter\AktiviteterKlttring.php --> www.ipso.cc /project/out/pub/Aktiviteter AktiviteterKlttring.php
102.04.25 11:31 B D:\out\pub\php\Aktiviteter\AktiviteterOutdoor.php --> www.ipso.cc /project/out/pub/Aktiviteter AktiviteterOutdoor.php
102.04.25 11:31 B D:\out\pub\php\Aktiviteter\AktiviteterSeglingHelhetsupplevelsen.php --> www.ipso.cc /project/out/pub/Aktiviteter AktiviteterSeglingHelhetsupplevelsen.php
102.04.25 11:31 B D:\out\pub\php\Aktiviteter\AktiviteterSeglingMatchracing.php --> www.ipso.cc /project/out/pub/Aktiviteter AktiviteterSeglingMatchracing.php
102.04.25 11:31 B D:\out\pub\php\Aktiviteter\AktiviteterSeglingSkrgrdssegling.php --> www.ipso.cc /project/out/pub/Aktiviteter AktiviteterSeglingSkrgrdssegling.php
102.04.25 11:31 B D:\out\pub\php\Aktiviteter\AktiviteterUtbildning.php --> www.ipso.cc /project/out/pub/Aktiviteter AktiviteterUtbildning.php
102.04.25 11:31 B D:\out\pub\php\Aktiviteter\AktiviteterVinterarrangemang.php --> www.ipso.cc /project/out/pub/Aktiviteter AktiviteterVinterarrangemang.php
102.04.25 11:31 B D:\out\pub\php\Aktiviteter\AktiviteterVinterarrangemangVinterivemdalen.php --> www.ipso.cc /project/out/pub/Aktiviteter AktiviteterVinterarrangemangVinterivemdalen.php
102.04.25 11:31 B D:\out\pub\php\Aktiviteter\AktiviteterVinterarrangemangVinterseglingar.php --> www.ipso.cc /project/out/pub/Aktiviteter AktiviteterVinterarrangemangVinterseglingar.php
102.04.25 11:31 B D:\out\pub\php\Aktiviteter\WS_FTP.LOG --> www.ipso.cc /project/out/pub/Aktiviteter WS_FTP.LOG
102.04.25 11:35 B D:\out\pub\php\Aktiviteter\Aktiviteter.js --> www.ipso.cc /project/out/pub/Aktiviteter Aktiviteter.js
102.04.25 11:35 B D:\out\pub\php\Aktiviteter\Aktiviteter.php --> www.ipso.cc /project/out/pub/Aktiviteter Aktiviteter.php
102.04.25 11:35 B D:\out\pub\php\Aktiviteter\Aktiviteter24h.php --> www.ipso.cc /project/out/pub/Aktiviteter Aktiviteter24h.php
102.04.25 11:35 B D:\out\pub\php\Aktiviteter\AktiviteterKlttring.php --> www.ipso.cc /project/out/pub/Aktiviteter AktiviteterKlttring.php
102.04.25 11:35 B D:\out\pub\php\Aktiviteter\AktiviteterOutdoor.php --> www.ipso.cc /project/out/pub/Aktiviteter AktiviteterOutdoor.php
102.04.25 11:36 B D:\out\pub\php\Aktiviteter\AktiviteterSeglingHelhetsupplevelsen.php --> www.ipso.cc /project/out/pub/Aktiviteter AktiviteterSeglingHelhetsupplevelsen.php
102.04.25 11:36 B D:\out\pub\php\Aktiviteter\AktiviteterSeglingMatchracing.php --> www.ipso.cc /project/out/pub/Aktiviteter AktiviteterSeglingMatchracing.php
102.04.25 11:36 B D:\out\pub\php\Aktiviteter\AktiviteterSeglingSkrgrdssegling.php --> www.ipso.cc /project/out/pub/Aktiviteter AktiviteterSeglingSkrgrdssegling.php
102.04.25 11:36 B D:\out\pub\php\Aktiviteter\AktiviteterUtbildning.php --> www.ipso.cc /project/out/pub/Aktiviteter AktiviteterUtbildning.php
102.04.25 11:36 B D:\out\pub\php\Aktiviteter\AktiviteterVinterarrangemang.php --> www.ipso.cc /project/out/pub/Aktiviteter AktiviteterVinterarrangemang.php
102.04.25 11:36 B D:\out\pub\php\Aktiviteter\AktiviteterVinterarrangemangVinterivemdalen.php --> www.ipso.cc /project/out/pub/Aktiviteter AktiviteterVinterarrangemangVinterivemdalen.php
102.04.25 11:36 B D:\out\pub\php\Aktiviteter\AktiviteterVinterarrangemangVinterseglingar.php --> www.ipso.cc /project/out/pub/Aktiviteter AktiviteterVinterarrangemangVinterseglingar.php
102.04.25 11:36 B D:\out\pub\php\Aktiviteter\WS_FTP.LOG --> www.ipso.cc /project/out/pub/Aktiviteter WS_FTP.LOG
102.04.25 11:53 B D:\out\pub\php\Aktiviteter\Aktiviteter.js --> www.ipso.cc /project/out/pub/Aktiviteter Aktiviteter.js
102.04.25 11:53 B D:\out\pub\php\Aktiviteter\Aktiviteter.php --> www.ipso.cc /project/out/pub/Aktiviteter Aktiviteter.php
102.04.25 11:53 B D:\out\pub\php\Aktiviteter\Aktiviteter24h.php --> www.ipso.cc /project/out/pub/Aktiviteter Aktiviteter24h.php
102.04.25 11:53 B D:\out\pub\php\Aktiviteter\AktiviteterKlttring.php --> www.ipso.cc /project/out/pub/Aktiviteter AktiviteterKlttring.php
102.04.25 11:53 B D:\out\pub\php\Aktiviteter\AktiviteterOutdoor.php --> www.ipso.cc /project/out/pub/Aktiviteter AktiviteterOutdoor.php
102.04.25 11:53 B D:\out\pub\php\Aktiviteter\AktiviteterSeglingHelhetsupplevelsen.php --> www.ipso.cc /project/out/pub/Aktiviteter AktiviteterSeglingHelhetsupplevelsen.php
102.04.25 11:53 B D:\out\pub\php\Aktiviteter\AktiviteterSeglingMatchracing.php --> www.ipso.cc /project/out/pub/Aktiviteter AktiviteterSeglingMatchracing.php
102.04.25 11:53 B D:\out\pub\php\Aktiviteter\AktiviteterSeglingSkrgrdssegling.php --> www.ipso.cc /project/out/pub/Aktiviteter AktiviteterSeglingSkrgrdssegling.php
102.04.25 11:53 B D:\out\pub\php\Aktiviteter\AktiviteterUtbildning.php --> www.ipso.cc /project/out/pub/Aktiviteter AktiviteterUtbildning.php
102.04.25 11:53 B D:\out\pub\php\Aktiviteter\AktiviteterVinterarrangemang.php --> www.ipso.cc /project/out/pub/Aktiviteter AktiviteterVinterarrangemang.php
102.04.25 11:53 B D:\out\pub\php\Aktiviteter\AktiviteterVinterarrangemangVinterivemdalen.php --> www.ipso.cc /project/out/pub/Aktiviteter AktiviteterVinterarrangemangVinterivemdalen.php
102.04.25 11:53 B D:\out\pub\php\Aktiviteter\AktiviteterVinterarrangemangVinterseglingar.php --> www.ipso.cc /project/out/pub/Aktiviteter AktiviteterVinterarrangemangVinterseglingar.php
102.04.25 11:53 B D:\out\pub\php\Aktiviteter\WS_FTP.LOG --> www.ipso.cc /project/out/pub/Aktiviteter WS_FTP.LOG
102.04.25 11:56 B D:\out\pub\php\Aktiviteter\Aktiviteter.js --> www.ipso.cc /project/out/pub/Aktiviteter Aktiviteter.js
102.04.25 11:56 B D:\out\pub\php\Aktiviteter\Aktiviteter.php --> www.ipso.cc /project/out/pub/Aktiviteter Aktiviteter.php
102.04.25 11:56 B D:\out\pub\php\Aktiviteter\Aktiviteter24h.php --> www.ipso.cc /project/out/pub/Aktiviteter Aktiviteter24h.php
102.04.25 11:56 B D:\out\pub\php\Aktiviteter\AktiviteterKlttring.php --> www.ipso.cc /project/out/pub/Aktiviteter AktiviteterKlttring.php
102.04.25 11:56 B D:\out\pub\php\Aktiviteter\AktiviteterOutdoor.php --> www.ipso.cc /project/out/pub/Aktiviteter AktiviteterOutdoor.php
102.04.25 11:56 B D:\out\pub\php\Aktiviteter\AktiviteterSeglingHelhetsupplevelsen.php --> www.ipso.cc /project/out/pub/Aktiviteter AktiviteterSeglingHelhetsupplevelsen.php
102.04.25 11:56 B D:\out\pub\php\Aktiviteter\AktiviteterSeglingMatchracing.php --> www.ipso.cc /project/out/pub/Aktiviteter AktiviteterSeglingMatchracing.php
102.04.25 11:56 B D:\out\pub\php\Aktiviteter\AktiviteterSeglingSkrgrdssegling.php --> www.ipso.cc /project/out/pub/Aktiviteter AktiviteterSeglingSkrgrdssegling.php
102.04.25 11:56 B D:\out\pub\php\Aktiviteter\AktiviteterUtbildning.php --> www.ipso.cc /project/out/pub/Aktiviteter AktiviteterUtbildning.php
102.04.25 11:56 B D:\out\pub\php\Aktiviteter\AktiviteterVinterarrangemang.php --> www.ipso.cc /project/out/pub/Aktiviteter AktiviteterVinterarrangemang.php
102.04.25 11:56 B D:\out\pub\php\Aktiviteter\AktiviteterVinterarrangemangVinterivemdalen.php --> www.ipso.cc /project/out/pub/Aktiviteter AktiviteterVinterarrangemangVinterivemdalen.php
102.04.25 11:56 B D:\out\pub\php\Aktiviteter\AktiviteterVinterarrangemangVinterseglingar.php --> www.ipso.cc /project/out/pub/Aktiviteter AktiviteterVinterarrangemangVinterseglingar.php
102.04.25 11:56 B D:\out\pub\php\Aktiviteter\WS_FTP.LOG --> www.ipso.cc /project/out/pub/Aktiviteter WS_FTP.LOG
102.04.25 11:59 B D:\out\pub\php\Aktiviteter\Aktiviteter.js --> www.ipso.cc /project/out/pub/Aktiviteter Aktiviteter.js
102.04.25 11:59 B D:\out\pub\php\Aktiviteter\Aktiviteter.php --> www.ipso.cc /project/out/pub/Aktiviteter Aktiviteter.php
102.04.25 11:59 B D:\out\pub\php\Aktiviteter\Aktiviteter24h.php --> www.ipso.cc /project/out/pub/Aktiviteter Aktiviteter24h.php
102.04.25 11:59 B D:\out\pub\php\Aktiviteter\AktiviteterKlttring.php --> www.ipso.cc /project/out/pub/Aktiviteter AktiviteterKlttring.php
102.04.25 11:59 B D:\out\pub\php\Aktiviteter\AktiviteterOutdoor.php --> www.ipso.cc /project/out/pub/Aktiviteter AktiviteterOutdoor.php
102.04.25 11:59 B D:\out\pub\php\Aktiviteter\AktiviteterSeglingHelhetsupplevelsen.php --> www.ipso.cc /project/out/pub/Aktiviteter AktiviteterSeglingHelhetsupplevelsen.php
102.04.25 11:59 B D:\out\pub\php\Aktiviteter\AktiviteterSeglingMatchracing.php --> www.ipso.cc /project/out/pub/Aktiviteter AktiviteterSeglingMatchracing.php
102.04.25 11:59 B D:\out\pub\php\Aktiviteter\AktiviteterSeglingSkrgrdssegling.php --> www.ipso.cc /project/out/pub/Aktiviteter AktiviteterSeglingSkrgrdssegling.php
102.04.25 11:59 B D:\out\pub\php\Aktiviteter\AktiviteterUtbildning.php --> www.ipso.cc /project/out/pub/Aktiviteter AktiviteterUtbildning.php
102.04.25 11:59 B D:\out\pub\php\Aktiviteter\AktiviteterVinterarrangemang.php --> www.ipso.cc /project/out/pub/Aktiviteter AktiviteterVinterarrangemang.php
102.04.25 11:59 B D:\out\pub\php\Aktiviteter\AktiviteterVinterarrangemangVinterivemdalen.php --> www.ipso.cc /project/out/pub/Aktiviteter AktiviteterVinterarrangemangVinterivemdalen.php
102.04.25 11:59 B D:\out\pub\php\Aktiviteter\AktiviteterVinterarrangemangVinterseglingar.php --> www.ipso.cc /project/out/pub/Aktiviteter AktiviteterVinterarrangemangVinterseglingar.php
102.04.25 11:59 B D:\out\pub\php\Aktiviteter\WS_FTP.LOG --> www.ipso.cc /project/out/pub/Aktiviteter WS_FTP.LOG
102.04.25 12:21 B D:\out\pub\php\Aktiviteter\Aktiviteter.js --> www.ipso.cc /project/out/pub/Aktiviteter Aktiviteter.js
102.04.25 12:21 B D:\out\pub\php\Aktiviteter\Aktiviteter.php --> www.ipso.cc /project/out/pub/Aktiviteter Aktiviteter.php
102.04.25 12:21 B D:\out\pub\php\Aktiviteter\Aktiviteter24h.php --> www.ipso.cc /project/out/pub/Aktiviteter Aktiviteter24h.php
102.04.25 12:21 B D:\out\pub\php\Aktiviteter\AktiviteterKlttring.php --> www.ipso.cc /project/out/pub/Aktiviteter AktiviteterKlttring.php
102.04.25 12:21 B D:\out\pub\php\Aktiviteter\AktiviteterOutdoor.php --> www.ipso.cc /project/out/pub/Aktiviteter AktiviteterOutdoor.php
102.04.25 12:21 B D:\out\pub\php\Aktiviteter\AktiviteterSeglingHelhetsupplevelsen.php --> www.ipso.cc /project/out/pub/Aktiviteter AktiviteterSeglingHelhetsupplevelsen.php
102.04.25 12:21 B D:\out\pub\php\Aktiviteter\AktiviteterSeglingMatchracing.php --> www.ipso.cc /project/out/pub/Aktiviteter AktiviteterSeglingMatchracing.php
102.04.25 12:21 B D:\out\pub\php\Aktiviteter\AktiviteterSeglingSkrgrdssegling.php --> www.ipso.cc /project/out/pub/Aktiviteter AktiviteterSeglingSkrgrdssegling.php
102.04.25 12:21 B D:\out\pub\php\Aktiviteter\AktiviteterUtbildning.php --> www.ipso.cc /project/out/pub/Aktiviteter AktiviteterUtbildning.php
102.04.25 12:21 B D:\out\pub\php\Aktiviteter\AktiviteterVinterarrangemang.php --> www.ipso.cc /project/out/pub/Aktiviteter AktiviteterVinterarrangemang.php
102.04.25 12:21 B D:\out\pub\php\Aktiviteter\AktiviteterVinterarrangemangVinterivemdalen.php --> www.ipso.cc /project/out/pub/Aktiviteter AktiviteterVinterarrangemangVinterivemdalen.php
102.04.25 12:21 B D:\out\pub\php\Aktiviteter\AktiviteterVinterarrangemangVinterseglingar.php --> www.ipso.cc /project/out/pub/Aktiviteter AktiviteterVinterarrangemangVinterseglingar.php
